This is pdfTeX, Version 3.14159265-2.6-1.40.16 (TeX Live 2015) (preloaded format=pdflatex 2015.5.24)  21 MAR 2016 19:41
entering extended mode
 restricted \write18 enabled.
 file:line:error style messages enabled.
 %&-line parsing enabled.
**custom.tex
(./custom.tex
LaTeX2e <2015/01/01>
Babel <3.9l> and hyphenation patterns for 79 languages loaded.
./custom.tex:71: Undefined control sequence.
l.71 \DeclareMathOperator
                         *{\Exp}{Exp}
? 
./custom.tex:71: Emergency stop.
l.71 \DeclareMathOperator
                         *{\Exp}{Exp}
End of file on the terminal!

 
Here is how much of TeX's memory you used:
 8 strings out of 493089
 140 string characters out of 6134842
 53199 words of memory out of 5000000
 3593 multiletter control sequences out of 15000+600000
 3640 words of font info for 14 fonts, out of 8000000 for 9000
 1141 hyphenation exceptions out of 8191
 7i,0n,6p,110b,8s stack positions out of 5000i,500n,10000p,200000b,80000s
./custom.tex:71:  ==> Fatal error occurred, no output PDF file produced!
